Started GET "/" for 127.0.0.1 at 2017-05-13 15:03:18 +0800
Processing by Rails::WelcomeController#index as HTML
Started GET "/" for 127.0.0.1 at 2017-05-13 15:03:18 +0800
Processing by Rails::WelcomeController#index as HTML
  Rendering /Users/jess/.rbenv/versions/2.3.0/lib/ruby/gems/2.3.0/gems/railties-5.1.1/lib/rails/templates/rails/welcome/index.html.erb
  Rendering /Users/jess/.rbenv/versions/2.3.0/lib/ruby/gems/2.3.0/gems/railties-5.1.1/lib/rails/templates/rails/welcome/index.html.erb
  Rendered /Users/jess/.rbenv/versions/2.3.0/lib/ruby/gems/2.3.0/gems/railties-5.1.1/lib/rails/templates/rails/welcome/index.html.erb (10.0ms)
Completed 200 OK in 603ms (Views: 51.3ms)


  Rendered /Users/jess/.rbenv/versions/2.3.0/lib/ruby/gems/2.3.0/gems/railties-5.1.1/lib/rails/templates/rails/welcome/index.html.erb (6.5ms)
Completed 200 OK in 719ms (Views: 54.3ms)


  [1m[35m (0.5ms)[0m  [1m[34mSELECT sqlite_version(*)[0m
  [1m[35m (1.5ms)[0m  [1m[35mCREATE TABLE "schema_migrations" ("version" varchar NOT NULL PRIMARY KEY)[0m
  [1m[35m (1.4ms)[0m  [1m[35mCREATE TABLE "ar_internal_metadata" ("key" varchar NOT NULL PRIMARY KEY, "value" varchar, "created_at" datetime NOT NULL, "updated_at" datetime NOT NULL)[0m
  [1m[35m (0.1ms)[0m  [1m[34mSELECT "schema_migrations"."version" FROM "schema_migrations" ORDER BY "schema_migrations"."version" ASC[0m
Migrating to DeviseCreateUsers (20170513131706)
  [1m[35m (0.0ms)[0m  [1m[36mbegin transaction[0m
  [1m[35m (0.4ms)[0m  [1m[35mCREATE TABLE "users" ("id" INTEGER PRIMARY KEY AUTOINCREMENT NOT NULL, "email" varchar DEFAULT '' NOT NULL, "encrypted_password" varchar DEFAULT '' NOT NULL, "reset_password_token" varchar, "reset_password_sent_at" datetime, "remember_created_at" datetime, "sign_in_count" integer DEFAULT 0 NOT NULL, "current_sign_in_at" datetime, "last_sign_in_at" datetime, "current_sign_in_ip" varchar, "last_sign_in_ip" varchar, "created_at" datetime NOT NULL, "updated_at" datetime NOT NULL)[0m
  [1m[35m (0.3ms)[0m  [1m[35mCREATE UNIQUE INDEX "index_users_on_email" ON "users" ("email")[0m
  [1m[35m (0.1ms)[0m  [1m[34m            SELECT sql
            FROM sqlite_master
            WHERE name='index_users_on_email' AND type='index'
            UNION ALL
            SELECT sql
            FROM sqlite_temp_master
            WHERE name='index_users_on_email' AND type='index'
[0m
  [1m[35m (0.1ms)[0m  [1m[35mCREATE UNIQUE INDEX "index_users_on_reset_password_token" ON "users" ("reset_password_token")[0m
  [1m[35mSQL (0.1ms)[0m  [1m[32mINSERT INTO "schema_migrations" ("version") VALUES (?)[0m  [["version", "20170513131706"]]
  [1m[35m (1.6ms)[0m  [1m[36mcommit transaction[0m
  [1m[36mActiveRecord::InternalMetadata Load (0.1ms)[0m  [1m[34mSELECT  "ar_internal_metadata".* FROM "ar_internal_metadata" WHERE "ar_internal_metadata"."key" = ? LIMIT ?[0m  [["key", "environment"], ["LIMIT", 1]]
  [1m[35m (0.1ms)[0m  [1m[36mbegin transaction[0m
  [1m[35mSQL (0.3ms)[0m  [1m[32mINSERT INTO "ar_internal_metadata" ("key", "value", "created_at", "updated_at") VALUES (?, ?, ?, ?)[0m  [["key", "environment"], ["value", "development"], ["created_at", "2017-05-13 13:17:33.403706"], ["updated_at", "2017-05-13 13:17:33.403706"]]
  [1m[35m (1.6ms)[0m  [1m[36mcommit transaction[0m
  [1m[35m (0.1ms)[0m  [1m[34mSELECT "schema_migrations"."version" FROM "schema_migrations" ORDER BY "schema_migrations"."version" ASC[0m
  [1m[35m (0.1ms)[0m  [1m[34m            SELECT sql
            FROM sqlite_master
            WHERE name='index_users_on_reset_password_token' AND type='index'
            UNION ALL
            SELECT sql
            FROM sqlite_temp_master
            WHERE name='index_users_on_reset_password_token' AND type='index'
[0m
  [1m[35m (0.1ms)[0m  [1m[34m            SELECT sql
            FROM sqlite_master
            WHERE name='index_users_on_email' AND type='index'
            UNION ALL
            SELECT sql
            FROM sqlite_temp_master
            WHERE name='index_users_on_email' AND type='index'
[0m
Started GET "/" for 127.0.0.1 at 2017-05-13 21:22:07 +0800
  [1m[35m (0.1ms)[0m  [1m[34mSELECT "schema_migrations"."version" FROM "schema_migrations" ORDER BY "schema_migrations"."version" ASC[0m
Processing by Rails::WelcomeController#index as HTML
  Rendering /Users/jess/.rbenv/versions/2.3.1/lib/ruby/gems/2.3.0/gems/railties-5.1.1/lib/rails/templates/rails/welcome/index.html.erb
  Rendered /Users/jess/.rbenv/versions/2.3.1/lib/ruby/gems/2.3.0/gems/railties-5.1.1/lib/rails/templates/rails/welcome/index.html.erb (6.0ms)
Completed 200 OK in 43ms (Views: 12.8ms | ActiveRecord: 0.0ms)


Started GET "/users/sign_up" for 127.0.0.1 at 2017-05-13 21:22:44 +0800
Processing by Devise::RegistrationsController#new as HTML
  Rendering devise/registrations/new.html.erb within layouts/application
  Rendered devise/shared/_links.html.erb (1.0ms) [cache miss]
  Rendered devise/registrations/new.html.erb within layouts/application (21.2ms)
Completed 500 Internal Server Error in 248ms (ActiveRecord: 1.2ms)


  
ActionView::Template::Error (couldn't find file 'jquery' with type 'application/javascript'
Checked in these paths: 
  /Users/jess/Desktop/Next Academy/NEW AIRBNB/Rooming/app/assets/config
  /Users/jess/Desktop/Next Academy/NEW AIRBNB/Rooming/app/assets/images
  /Users/jess/Desktop/Next Academy/NEW AIRBNB/Rooming/app/assets/javascripts
  /Users/jess/Desktop/Next Academy/NEW AIRBNB/Rooming/app/assets/stylesheets
  /Users/jess/.rbenv/versions/2.3.1/lib/ruby/gems/2.3.0/gems/coffee-rails-4.2.1/lib/assets/javascripts
  /Users/jess/.rbenv/versions/2.3.1/lib/ruby/gems/2.3.0/gems/actioncable-5.1.1/lib/assets/compiled
  /Users/jess/.rbenv/versions/2.3.1/lib/ruby/gems/2.3.0/gems/actionview-5.1.1/lib/assets/compiled
  /Users/jess/.rbenv/versions/2.3.1/lib/ruby/gems/2.3.0/gems/turbolinks-source-5.0.3/lib/assets/javascripts
  /Users/jess/Desktop/Next Academy/NEW AIRBNB/Rooming/node_modules
  /Users/jess/.rbenv/versions/2.3.1/lib/ruby/gems/2.3.0/gems/bootstrap-sass-3.3.7/assets/stylesheets
  /Users/jess/.rbenv/versions/2.3.1/lib/ruby/gems/2.3.0/gems/bootstrap-sass-3.3.7/assets/javascripts
  /Users/jess/.rbenv/versions/2.3.1/lib/ruby/gems/2.3.0/gems/bootstrap-sass-3.3.7/assets/fonts
  /Users/jess/.rbenv/versions/2.3.1/lib/ruby/gems/2.3.0/gems/bootstrap-sass-3.3.7/assets/images):
    4:     <title>Rooming</title>
    5:     <%= csrf_meta_tags %>
    6: 
    7:     <%= stylesheet_link_tag    'application', media: 'all', 'data-turbolinks-track': 'reload' %>
    8:     <%= javascript_include_tag 'application', 'data-turbolinks-track': 'reload' %>
    9:   </head>
   10: 
  
app/assets/javascripts/application.js:16
app/views/layouts/application.html.erb:7:in `_app_views_layouts_application_html_erb__301530089602761705_70328655975520'
Started GET "/users" for 127.0.0.1 at 2017-05-13 21:23:00 +0800
  
ActionController::RoutingError (No route matches [GET] "/users"):
  
actionpack (5.1.1) lib/action_dispatch/middleware/debug_exceptions.rb:63:in `call'
web-console (3.5.1) lib/web_console/middleware.rb:135:in `call_app'
web-console (3.5.1) lib/web_console/middleware.rb:28:in `block in call'
web-console (3.5.1) lib/web_console/middleware.rb:18:in `catch'
web-console (3.5.1) lib/web_console/middleware.rb:18:in `call'
actionpack (5.1.1) lib/action_dispatch/middleware/show_exceptions.rb:31:in `call'
railties (5.1.1) lib/rails/rack/logger.rb:36:in `call_app'
railties (5.1.1) lib/rails/rack/logger.rb:24:in `block in call'
activesupport (5.1.1) lib/active_support/tagged_logging.rb:69:in `block in tagged'
activesupport (5.1.1) lib/active_support/tagged_logging.rb:26:in `tagged'
activesupport (5.1.1) lib/active_support/tagged_logging.rb:69:in `tagged'
railties (5.1.1) lib/rails/rack/logger.rb:24:in `call'
sprockets-rails (3.2.0) lib/sprockets/rails/quiet_assets.rb:13:in `call'
actionpack (5.1.1) lib/action_dispatch/middleware/remote_ip.rb:79:in `call'
actionpack (5.1.1) lib/action_dispatch/middleware/request_id.rb:25:in `call'
rack (2.0.2) lib/rack/method_override.rb:22:in `call'
rack (2.0.2) lib/rack/runtime.rb:22:in `call'
activesupport (5.1.1) lib/active_support/cache/strategy/local_cache_middleware.rb:27:in `call'
actionpack (5.1.1) lib/action_dispatch/middleware/executor.rb:12:in `call'
actionpack (5.1.1) lib/action_dispatch/middleware/static.rb:125:in `call'
rack (2.0.2) lib/rack/sendfile.rb:111:in `call'
railties (5.1.1) lib/rails/engine.rb:522:in `call'
puma (3.8.2) lib/puma/configuration.rb:224:in `call'
puma (3.8.2) lib/puma/server.rb:600:in `handle_request'
puma (3.8.2) lib/puma/server.rb:435:in `process_client'
puma (3.8.2) lib/puma/server.rb:299:in `block in run'
puma (3.8.2) lib/puma/thread_pool.rb:120:in `block in spawn_thread'
Started GET "/users/sign_up" for 127.0.0.1 at 2017-05-13 21:23:13 +0800
Processing by Devise::RegistrationsController#new as HTML
  Rendering devise/registrations/new.html.erb within layouts/application
  Rendered devise/shared/_links.html.erb (1.4ms) [cache miss]
  Rendered devise/registrations/new.html.erb within layouts/application (6.6ms)
Completed 500 Internal Server Error in 26ms (ActiveRecord: 0.0ms)


  
ActionView::Template::Error (couldn't find file 'jquery' with type 'application/javascript'
Checked in these paths: 
  /Users/jess/Desktop/Next Academy/NEW AIRBNB/Rooming/app/assets/config
  /Users/jess/Desktop/Next Academy/NEW AIRBNB/Rooming/app/assets/images
  /Users/jess/Desktop/Next Academy/NEW AIRBNB/Rooming/app/assets/javascripts
  /Users/jess/Desktop/Next Academy/NEW AIRBNB/Rooming/app/assets/stylesheets
  /Users/jess/.rbenv/versions/2.3.1/lib/ruby/gems/2.3.0/gems/coffee-rails-4.2.1/lib/assets/javascripts
  /Users/jess/.rbenv/versions/2.3.1/lib/ruby/gems/2.3.0/gems/actioncable-5.1.1/lib/assets/compiled
  /Users/jess/.rbenv/versions/2.3.1/lib/ruby/gems/2.3.0/gems/actionview-5.1.1/lib/assets/compiled
  /Users/jess/.rbenv/versions/2.3.1/lib/ruby/gems/2.3.0/gems/turbolinks-source-5.0.3/lib/assets/javascripts
  /Users/jess/Desktop/Next Academy/NEW AIRBNB/Rooming/node_modules
  /Users/jess/.rbenv/versions/2.3.1/lib/ruby/gems/2.3.0/gems/bootstrap-sass-3.3.7/assets/stylesheets
  /Users/jess/.rbenv/versions/2.3.1/lib/ruby/gems/2.3.0/gems/bootstrap-sass-3.3.7/assets/javascripts
  /Users/jess/.rbenv/versions/2.3.1/lib/ruby/gems/2.3.0/gems/bootstrap-sass-3.3.7/assets/fonts
  /Users/jess/.rbenv/versions/2.3.1/lib/ruby/gems/2.3.0/gems/bootstrap-sass-3.3.7/assets/images):
    4:     <title>Rooming</title>
    5:     <%= csrf_meta_tags %>
    6: 
    7:     <%= stylesheet_link_tag    'application', media: 'all', 'data-turbolinks-track': 'reload' %>
    8:     <%= javascript_include_tag 'application', 'data-turbolinks-track': 'reload' %>
    9:   </head>
   10: 
  
app/assets/javascripts/application.js:16
app/views/layouts/application.html.erb:7:in `_app_views_layouts_application_html_erb__301530089602761705_70328640743780'
Started GET "/users/sign_up" for 127.0.0.1 at 2017-05-13 21:31:01 +0800
  [1m[35m (0.2ms)[0m  [1m[34mSELECT "schema_migrations"."version" FROM "schema_migrations" ORDER BY "schema_migrations"."version" ASC[0m
Processing by Devise::RegistrationsController#new as HTML
  Rendering devise/registrations/new.html.erb within layouts/application
  Rendered devise/shared/_links.html.erb (0.9ms) [cache miss]
  Rendered devise/registrations/new.html.erb within layouts/application (46.3ms)
Completed 200 OK in 740ms (Views: 715.4ms | ActiveRecord: 0.7ms)


Started POST "/users" for 127.0.0.1 at 2017-05-13 21:31:15 +0800
Processing by Devise::RegistrationsController#create as HTML
  Parameters: {"utf8"=>"✓", "authenticity_token"=>"jFM/0F2polr7QI2IZnoAkWRVck1F86k+itQMx87SV1hOw0Hsyv3PaKnZFN3orrp3MHopOTiY3Ty51eJ+aYL6NA==", "user"=>{"email"=>"jess@jess.com", "password"=>"[FILTERED]", "password_confirmation"=>"[FILTERED]"}, "commit"=>"Sign up"}
  [1m[35m (0.1ms)[0m  [1m[36mbegin transaction[0m
  [1m[36mUser Exists (18.3ms)[0m  [1m[34mSELECT  1 AS one FROM "users" WHERE "users"."email" = ? LIMIT ?[0m  [["email", "jess@jess.com"], ["LIMIT", 1]]
  [1m[35m (0.2ms)[0m  [1m[31mrollback transaction[0m
  Rendering devise/registrations/new.html.erb within layouts/application
  Rendered devise/shared/_links.html.erb (1.2ms) [cache miss]
  Rendered devise/registrations/new.html.erb within layouts/application (6.1ms)
Completed 200 OK in 152ms (Views: 57.9ms | ActiveRecord: 18.6ms)


Started POST "/users" for 127.0.0.1 at 2017-05-13 21:31:35 +0800
Processing by Devise::RegistrationsController#create as HTML
  Parameters: {"utf8"=>"✓", "authenticity_token"=>"nku9uOXbFgaEyS1CkvAPfTk5fbydgOObLDZa+XGxN7Zc28OEco97NNZQtBccJLWbbRYmyODrl5kfN7RA1uGa2g==", "user"=>{"email"=>"jess@jess.com", "password"=>"[FILTERED]", "password_confirmation"=>"[FILTERED]"}, "commit"=>"Sign up"}
  [1m[35m (0.1ms)[0m  [1m[36mbegin transaction[0m
  [1m[36mUser Exists (0.2ms)[0m  [1m[34mSELECT  1 AS one FROM "users" WHERE "users"."email" = ? LIMIT ?[0m  [["email", "jess@jess.com"], ["LIMIT", 1]]
  [1m[35mSQL (12.9ms)[0m  [1m[32mINSERT INTO "users" ("email", "encrypted_password", "created_at", "updated_at") VALUES (?, ?, ?, ?)[0m  [["email", "jess@jess.com"], ["encrypted_password", "$2a$11$AODsGgZj/.11TllAO.zGKup2JHEqsVQt.8GK0cNpG0yWe8JueAVM6"], ["created_at", "2017-05-13 13:31:35.773079"], ["updated_at", "2017-05-13 13:31:35.773079"]]
  [1m[35m (2.0ms)[0m  [1m[36mcommit transaction[0m
  [1m[35m (0.1ms)[0m  [1m[36mbegin transaction[0m
  [1m[35mSQL (0.4ms)[0m  [1m[33mUPDATE "users" SET "sign_in_count" = ?, "current_sign_in_at" = ?, "last_sign_in_at" = ?, "current_sign_in_ip" = ?, "last_sign_in_ip" = ?, "updated_at" = ? WHERE "users"."id" = ?[0m  [["sign_in_count", 1], ["current_sign_in_at", "2017-05-13 13:31:35.791661"], ["last_sign_in_at", "2017-05-13 13:31:35.791661"], ["current_sign_in_ip", "127.0.0.1"], ["last_sign_in_ip", "127.0.0.1"], ["updated_at", "2017-05-13 13:31:35.792473"], ["id", 1]]
  [1m[35m (1.0ms)[0m  [1m[36mcommit transaction[0m
Redirected to http://localhost:3000/
Completed 302 Found in 226ms (ActiveRecord: 16.6ms)


Started GET "/" for 127.0.0.1 at 2017-05-13 21:31:35 +0800
Processing by Rails::WelcomeController#index as HTML
  Rendering /Users/jess/.rbenv/versions/2.3.1/lib/ruby/gems/2.3.0/gems/railties-5.1.1/lib/rails/templates/rails/welcome/index.html.erb
  Rendered /Users/jess/.rbenv/versions/2.3.1/lib/ruby/gems/2.3.0/gems/railties-5.1.1/lib/rails/templates/rails/welcome/index.html.erb (3.1ms)
Completed 200 OK in 10ms (Views: 6.1ms | ActiveRecord: 0.0ms)


Started GET "/" for 127.0.0.1 at 2017-05-13 22:15:29 +0800
  [1m[35m (0.1ms)[0m  [1m[34mSELECT "schema_migrations"."version" FROM "schema_migrations" ORDER BY "schema_migrations"."version" ASC[0m
Processing by Rails::WelcomeController#index as HTML
  Rendering /Users/jess/.rbenv/versions/2.3.1/lib/ruby/gems/2.3.0/gems/railties-5.1.1/lib/rails/templates/rails/welcome/index.html.erb
  Rendered /Users/jess/.rbenv/versions/2.3.1/lib/ruby/gems/2.3.0/gems/railties-5.1.1/lib/rails/templates/rails/welcome/index.html.erb (3.8ms)
Completed 200 OK in 19ms (Views: 8.4ms | ActiveRecord: 0.0ms)


Started GET "/" for 127.0.0.1 at 2017-05-13 22:15:33 +0800
Processing by Rails::WelcomeController#index as HTML
  Rendering /Users/jess/.rbenv/versions/2.3.1/lib/ruby/gems/2.3.0/gems/railties-5.1.1/lib/rails/templates/rails/welcome/index.html.erb
  Rendered /Users/jess/.rbenv/versions/2.3.1/lib/ruby/gems/2.3.0/gems/railties-5.1.1/lib/rails/templates/rails/welcome/index.html.erb (3.1ms)
Completed 200 OK in 8ms (Views: 5.5ms | ActiveRecord: 0.0ms)


Started GET "/pages/home" for 127.0.0.1 at 2017-05-13 22:15:55 +0800
Processing by PagesController#home as HTML
  Rendering pages/home.html.erb within layouts/application
  Rendered pages/home.html.erb within layouts/application (0.5ms)
Completed 200 OK in 2619ms (Views: 2615.7ms | ActiveRecord: 0.0ms)


Started GET "/pages/home" for 127.0.0.1 at 2017-05-13 22:16:13 +0800
Processing by PagesController#home as HTML
  Rendering pages/home.html.erb within layouts/application
  Rendered pages/home.html.erb within layouts/application (0.4ms)
Completed 200 OK in 66ms (Views: 63.5ms | ActiveRecord: 0.0ms)


Started GET "/" for 127.0.0.1 at 2017-05-13 22:32:48 +0800
  [1m[35m (0.2ms)[0m  [1m[34mSELECT "schema_migrations"."version" FROM "schema_migrations" ORDER BY "schema_migrations"."version" ASC[0m
Processing by Rails::WelcomeController#index as HTML
  Rendering /Users/jess/.rbenv/versions/2.3.1/lib/ruby/gems/2.3.0/gems/railties-5.1.1/lib/rails/templates/rails/welcome/index.html.erb
  Rendered /Users/jess/.rbenv/versions/2.3.1/lib/ruby/gems/2.3.0/gems/railties-5.1.1/lib/rails/templates/rails/welcome/index.html.erb (4.7ms)
Completed 200 OK in 81ms (Views: 50.0ms | ActiveRecord: 0.0ms)


Started GET "/" for 127.0.0.1 at 2017-05-13 22:36:20 +0800
Processing by Rails::WelcomeController#index as HTML
  Rendering /Users/jess/.rbenv/versions/2.3.1/lib/ruby/gems/2.3.0/gems/railties-5.1.1/lib/rails/templates/rails/welcome/index.html.erb
  Rendered /Users/jess/.rbenv/versions/2.3.1/lib/ruby/gems/2.3.0/gems/railties-5.1.1/lib/rails/templates/rails/welcome/index.html.erb (3.6ms)
Completed 200 OK in 9ms (Views: 6.2ms | ActiveRecord: 0.0ms)


Started GET "/pages/home" for 127.0.0.1 at 2017-05-13 22:36:27 +0800
Processing by PagesController#home as HTML
  Rendering pages/home.html.erb within layouts/application
  Rendered pages/home.html.erb within layouts/application (0.4ms)
Completed 500 Internal Server Error in 185ms (ActiveRecord: 0.0ms)


  
ActionView::Template::Error (The asset "default.css" is not present in the asset pipeline.):
    4:     <title>Rooming</title>
    5:     <%= csrf_meta_tags %>
    6: 
    7:     <%= stylesheet_link_tag    'default', media: 'all', 'data-turbolinks-track': 'reload' %>
    8:     <%= javascript_include_tag 'default', 'data-turbolinks-track': 'reload' %>
    9:   </head>
   10: 
  
app/views/layouts/application.html.erb:7:in `_app_views_layouts_application_html_erb__3153454549061374535_70244051201200'
Started GET "/pages/home" for 127.0.0.1 at 2017-05-13 22:39:15 +0800
Processing by PagesController#home as HTML
  Rendering pages/home.html.erb within layouts/application
  Rendered pages/home.html.erb within layouts/application (0.4ms)
Completed 200 OK in 415ms (Views: 413.7ms | ActiveRecord: 0.0ms)


Started GET "/pages/home" for 127.0.0.1 at 2017-05-13 22:49:19 +0800
  [1m[35m (0.1ms)[0m  [1m[34mSELECT "schema_migrations"."version" FROM "schema_migrations" ORDER BY "schema_migrations"."version" ASC[0m
Processing by PagesController#home as HTML
  Rendering pages/home.html.erb within layouts/application
  Rendered pages/home.html.erb within layouts/application (1.0ms)
Completed 500 Internal Server Error in 163ms (ActiveRecord: 0.0ms)


  
ActionView::Template::Error (The asset "default.css" is not present in the asset pipeline.):
    4:     <title>Rooming</title>
    5:     <%= csrf_meta_tags %>
    6: 
    7:     <%= stylesheet_link_tag    'default', media: 'all', 'data-turbolinks-track': 'reload' %>
    8:     <%= javascript_include_tag 'default', 'data-turbolinks-track': 'reload' %>
    9:   </head>
   10: 
  
app/views/layouts/application.html.erb:7:in `_app_views_layouts_application_html_erb__1187509088955835353_70174308098600'
Started GET "/pages/home" for 127.0.0.1 at 2017-05-13 22:49:49 +0800
Processing by PagesController#home as HTML
  Rendering pages/home.html.erb within layouts/application
  Rendered pages/home.html.erb within layouts/application (0.6ms)
Completed 200 OK in 1568ms (Views: 1565.6ms | ActiveRecord: 0.0ms)


Started GET "/pages/home" for 127.0.0.1 at 2017-05-13 22:50:10 +0800
Processing by PagesController#home as HTML
  Rendering pages/home.html.erb within layouts/application
  Rendered pages/home.html.erb within layouts/application (0.5ms)
Completed 500 Internal Server Error in 13ms (ActiveRecord: 0.0ms)


  
ActionView::Template::Error (The asset "default.css" is not present in the asset pipeline.):
    4:     <title>Rooming</title>
    5:     <%= csrf_meta_tags %>
    6: 
    7:     <%= stylesheet_link_tag    'default', media: 'all', 'data-turbolinks-track': 'reload' %>
    8:     <%= javascript_include_tag 'default', 'data-turbolinks-track': 'reload' %>
    9:   </head>
   10: 
  
app/views/layouts/application.html.erb:7:in `_app_views_layouts_application_html_erb__1187509088955835353_70174295809260'
Started GET "/" for 127.0.0.1 at 2017-05-13 22:53:12 +0800
  [1m[35m (0.3ms)[0m  [1m[34mSELECT "schema_migrations"."version" FROM "schema_migrations" ORDER BY "schema_migrations"."version" ASC[0m
Processing by Rails::WelcomeController#index as HTML
  Rendering /Users/jess/.rbenv/versions/2.3.1/lib/ruby/gems/2.3.0/gems/railties-5.1.1/lib/rails/templates/rails/welcome/index.html.erb
  Rendered /Users/jess/.rbenv/versions/2.3.1/lib/ruby/gems/2.3.0/gems/railties-5.1.1/lib/rails/templates/rails/welcome/index.html.erb (4.0ms)
Completed 200 OK in 19ms (Views: 8.9ms | ActiveRecord: 0.0ms)


Started GET "/pages/home" for 127.0.0.1 at 2017-05-13 22:53:19 +0800
Processing by PagesController#home as HTML
  Rendering pages/home.html.erb within layouts/application
  Rendered pages/home.html.erb within layouts/application (0.3ms)
Completed 500 Internal Server Error in 146ms (ActiveRecord: 0.0ms)


  
ActionView::Template::Error (The asset "default.css" is not present in the asset pipeline.):
    4:     <title>Rooming</title>
    5:     <%= csrf_meta_tags %>
    6: 
    7:     <%= stylesheet_link_tag    'default', media: 'all', 'data-turbolinks-track': 'reload' %>
    8:     <%= javascript_include_tag 'default', 'data-turbolinks-track': 'reload' %>
    9:   </head>
   10: 
  
app/views/layouts/application.html.erb:7:in `_app_views_layouts_application_html_erb__1614160948969829278_70279885225520'
Started GET "/pages/home" for 127.0.0.1 at 2017-05-14 08:40:31 +0800
  [1m[35m (0.1ms)[0m  [1m[34mSELECT "schema_migrations"."version" FROM "schema_migrations" ORDER BY "schema_migrations"."version" ASC[0m
Processing by PagesController#home as HTML
  Rendering pages/home.html.erb within layouts/application
  Rendered pages/home.html.erb within layouts/application (1.0ms)
Completed 500 Internal Server Error in 167ms (ActiveRecord: 0.0ms)


  
ActionView::Template::Error (The asset "default.css" is not present in the asset pipeline.):
    4:     <title>Rooming</title>
    5:     <%= csrf_meta_tags %>
    6: 
    7:     <%= stylesheet_link_tag    'default', media: 'all', 'data-turbolinks-track': 'reload' %>
    8:     <%= javascript_include_tag 'default', 'data-turbolinks-track': 'reload' %>
    9:   </head>
   10: 
  
app/views/layouts/application.html.erb:7:in `_app_views_layouts_application_html_erb__1250312817340156522_70313249966140'
Started GET "/pages/home" for 127.0.0.1 at 2017-05-14 08:46:32 +0800
  [1m[35m (0.1ms)[0m  [1m[34mSELECT "schema_migrations"."version" FROM "schema_migrations" ORDER BY "schema_migrations"."version" ASC[0m
Processing by PagesController#home as HTML
  Rendering pages/home.html.erb within layouts/application
  Rendered pages/home.html.erb within layouts/application (1.0ms)
Completed 500 Internal Server Error in 161ms (ActiveRecord: 0.0ms)


  
ActionView::Template::Error (The asset "default.css" is not present in the asset pipeline.):
    4:     <title>Rooming</title>
    5:     <%= csrf_meta_tags %>
    6: 
    7:     <%= stylesheet_link_tag    'default', media: 'all', 'data-turbolinks-track': 'true' %>
    8:     <%= javascript_include_tag 'default', 'data-turbolinks-track': 'true' %>
    9:   </head>
   10: 
  
app/views/layouts/application.html.erb:7:in `_app_views_layouts_application_html_erb__3690510641304692807_70241931779060'
Started GET "/pages/home" for 127.0.0.1 at 2017-05-14 08:47:33 +0800
Processing by PagesController#home as HTML
  Rendering pages/home.html.erb within layouts/application
  Rendered pages/home.html.erb within layouts/application (0.3ms)
Completed 500 Internal Server Error in 14ms (ActiveRecord: 0.0ms)


  
ActionView::Template::Error (The asset "default.css" is not present in the asset pipeline.):
    4:     <title>Rooming</title>
    5:     <%= csrf_meta_tags %>
    6: 
    7:     <%= stylesheet_link_tag    'default', media: 'all', 'data-turbolinks-track': true %>
    8:     <%= javascript_include_tag 'default', 'data-turbolinks-track': true %>
    9:   </head>
   10: 
  
app/views/layouts/application.html.erb:7:in `_app_views_layouts_application_html_erb__3690510641304692807_70241983517160'
Started GET "/pages/home" for 127.0.0.1 at 2017-05-14 08:51:05 +0800
  [1m[35m (0.1ms)[0m  [1m[34mSELECT "schema_migrations"."version" FROM "schema_migrations" ORDER BY "schema_migrations"."version" ASC[0m
Processing by PagesController#home as HTML
  Rendering pages/home.html.erb within layouts/application
  Rendered pages/home.html.erb within layouts/application (1.3ms)
Completed 500 Internal Server Error in 169ms (ActiveRecord: 0.0ms)


  
ActionView::Template::Error (The asset "default.css" is not present in the asset pipeline.):
    4:     <title>Rooming</title>
    5:     <%= csrf_meta_tags %>
    6: 
    7:     <%= stylesheet_link_tag    'default', media: 'all', 'data-turbolinks-track': true %>
    8:     <%= javascript_include_tag 'default', 'data-turbolinks-track': true %>
    9:   </head>
   10: 
  
app/views/layouts/application.html.erb:7:in `_app_views_layouts_application_html_erb___2309754552117909516_70135510786320'
Started GET "/" for 127.0.0.1 at 2017-05-14 11:20:18 +0800
  [1m[35m (0.3ms)[0m  [1m[34mSELECT "schema_migrations"."version" FROM "schema_migrations" ORDER BY "schema_migrations"."version" ASC[0m
Processing by Rails::WelcomeController#index as HTML
  Rendering /Users/jess/.rbenv/versions/2.3.1/lib/ruby/gems/2.3.0/gems/railties-5.1.1/lib/rails/templates/rails/welcome/index.html.erb
  Rendered /Users/jess/.rbenv/versions/2.3.1/lib/ruby/gems/2.3.0/gems/railties-5.1.1/lib/rails/templates/rails/welcome/index.html.erb (5.4ms)
Completed 200 OK in 28ms (Views: 13.5ms | ActiveRecord: 0.0ms)


Started GET "/pages/home" for 127.0.0.1 at 2017-05-14 11:20:26 +0800
Processing by PagesController#home as HTML
  Rendering pages/home.html.erb within layouts/application
  Rendered pages/home.html.erb within layouts/application (0.3ms)
Completed 500 Internal Server Error in 151ms (ActiveRecord: 0.0ms)


  
ActionView::Template::Error (The asset "default.css" is not present in the asset pipeline.):
    4:     <title>Rooming</title>
    5:     <%= csrf_meta_tags %>
    6: 
    7:     <%= stylesheet_link_tag    'default', media: 'all', 'data-turbolinks-track': true %>
    8:     <%= javascript_include_tag 'default', 'data-turbolinks-track': true %>
    9:   </head>
   10: 
  
app/views/layouts/application.html.erb:7:in `_app_views_layouts_application_html_erb__1298686812376323798_70361162299400'
Started GET "/pages/home" for 127.0.0.1 at 2017-05-14 11:20:26 +0800
Processing by PagesController#home as HTML
  Rendering pages/home.html.erb within layouts/application
  Rendered pages/home.html.erb within layouts/application (0.9ms)
Completed 500 Internal Server Error in 111ms (ActiveRecord: 0.0ms)


  
ActionView::Template::Error (The asset "default.css" is not present in the asset pipeline.):
    4:     <title>Rooming</title>
    5:     <%= csrf_meta_tags %>
    6: 
    7:     <%= stylesheet_link_tag    'default', media: 'all', 'data-turbolinks-track': true %>
    8:     <%= javascript_include_tag 'default', 'data-turbolinks-track': true %>
    9:   </head>
   10: 
  
app/views/layouts/application.html.erb:7:in `_app_views_layouts_application_html_erb__1298686812376323798_70361191847320'
Started GET "/pages/home" for 127.0.0.1 at 2017-05-14 11:20:57 +0800
Processing by PagesController#home as HTML
  Rendering pages/home.html.erb within layouts/application
  Rendered pages/home.html.erb within layouts/application (0.8ms)
Completed 200 OK in 243ms (Views: 240.3ms | ActiveRecord: 0.0ms)


Started GET "/pages/home" for 127.0.0.1 at 2017-05-14 11:26:48 +0800
Processing by PagesController#home as HTML
  Rendering pages/home.html.erb within layouts/application
  Rendered pages/home.html.erb within layouts/application (0.4ms)
Completed 500 Internal Server Error in 12ms (ActiveRecord: 0.0ms)


  
ActionView::Template::Error (The asset "default.css" is not present in the asset pipeline.):
    4:     <title>Rooming</title>
    5:     <%= csrf_meta_tags %>
    6: 
    7:     <%= stylesheet_link_tag    'default', media: 'all', 'data-turbolinks-track': true %>
    8:     <%= javascript_include_tag 'default', 'data-turbolinks-track': true %>
    9:   </head>
   10: 
  
app/views/layouts/application.html.erb:7:in `_app_views_layouts_application_html_erb__1298686812376323798_70361163994220'
Started GET "/" for 127.0.0.1 at 2017-05-14 11:47:53 +0800
Processing by Rails::WelcomeController#index as HTML
  Rendering /Users/jess/.rbenv/versions/2.3.1/lib/ruby/gems/2.3.0/gems/railties-5.1.1/lib/rails/templates/rails/welcome/index.html.erb
  Rendered /Users/jess/.rbenv/versions/2.3.1/lib/ruby/gems/2.3.0/gems/railties-5.1.1/lib/rails/templates/rails/welcome/index.html.erb (3.2ms)
Completed 200 OK in 8ms (Views: 5.5ms | ActiveRecord: 0.0ms)


Started GET "/pages/home" for 127.0.0.1 at 2017-05-14 11:47:58 +0800
Processing by PagesController#home as HTML
  Rendering pages/home.html.erb within layouts/application
  Rendered pages/home.html.erb within layouts/application (0.4ms)
Completed 500 Internal Server Error in 12ms (ActiveRecord: 0.0ms)


  
ActionView::Template::Error (The asset "default.css" is not present in the asset pipeline.):
    2: <html>
    3:   <head>
    4:     <title>Rooming</title>
    5:     <%= stylesheet_link_tag    'default', media: 'all', 'data-turbolinks-track': true %>
    6:     <%= javascript_include_tag 'default', 'data-turbolinks-track': true %>
    7:     <%= csrf_meta_tags %>
    8:   </head>
  
app/views/layouts/application.html.erb:5:in `_app_views_layouts_application_html_erb__1298686812376323798_70361149184660'
Started GET "/" for 127.0.0.1 at 2017-05-14 11:48:42 +0800
Processing by Rails::WelcomeController#index as HTML
  Rendering /Users/jess/.rbenv/versions/2.3.1/lib/ruby/gems/2.3.0/gems/railties-5.1.1/lib/rails/templates/rails/welcome/index.html.erb
  Rendered /Users/jess/.rbenv/versions/2.3.1/lib/ruby/gems/2.3.0/gems/railties-5.1.1/lib/rails/templates/rails/welcome/index.html.erb (4.3ms)
Completed 200 OK in 10ms (Views: 6.8ms | ActiveRecord: 0.0ms)


Started GET "/pages/home" for 127.0.0.1 at 2017-05-14 11:48:44 +0800
Processing by PagesController#home as HTML
  Rendering pages/home.html.erb within layouts/application
  Rendered pages/home.html.erb within layouts/application (0.3ms)
Completed 200 OK in 41ms (Views: 39.1ms | ActiveRecord: 0.0ms)


Started GET "/pages/home" for 127.0.0.1 at 2017-05-14 11:56:17 +0800
  [1m[35m (0.2ms)[0m  [1m[34mSELECT "schema_migrations"."version" FROM "schema_migrations" ORDER BY "schema_migrations"."version" ASC[0m
Processing by PagesController#home as HTML
  Rendering pages/home.html.erb within layouts/application
  Rendered pages/home.html.erb within layouts/application (0.9ms)
Completed 500 Internal Server Error in 314ms (ActiveRecord: 0.0ms)


  
ActionView::Template::Error (The asset "app.js" is not present in the asset pipeline.):
    3:   <head>
    4:     <title>Rooming</title>
    5:     <%= stylesheet_link_tag    'application', media: 'all', 'data-turbolinks-track': true %>
    6:     <%= javascript_include_tag 'app', 'data-turbolinks-track': true %>
    7:     <%= csrf_meta_tags %>
    8:   </head>
    9:   <body>
  
app/views/layouts/application.html.erb:6:in `_app_views_layouts_application_html_erb__1030884664973776985_70363786926680'
Started GET "/pages/home" for 127.0.0.1 at 2017-05-14 11:56:59 +0800
Processing by PagesController#home as HTML
  Rendering pages/home.html.erb within layouts/application
  Rendered pages/home.html.erb within layouts/application (0.3ms)
Completed 500 Internal Server Error in 379ms (ActiveRecord: 0.0ms)


  
ActionView::Template::Error (undefined local variable or method `yeild' for #<#<Class:0x007ffdb10e97f8>:0x007ffdb3a6bba8>):
    53:     <div class="container">
    54:     <%= yield %>
    55: </div>
    56:       <%= yeild %>
    57:     </div>
    58: 
    59:   </body>
  
app/views/layouts/application.html.erb:56:in `_app_views_layouts_application_html_erb__1030884664973776985_70363808758460'
Started GET "/pages/home" for 127.0.0.1 at 2017-05-14 11:58:53 +0800
Processing by PagesController#home as HTML
  Rendering pages/home.html.erb within layouts/application
  Rendered pages/home.html.erb within layouts/application (0.8ms)
Completed 500 Internal Server Error in 285ms (ActiveRecord: 0.0ms)


  
ActionView::Template::Error (undefined local variable or method `yeild' for #<#<Class:0x007ffdb10e97f8>:0x007ffdac91c6f0>):
    52:     <div class="container">
    53:     <%= yield %>
    54: </div>
    55:       <%= yeild %>
    56:     </div>
    57: 
    58:   </body>
  
app/views/layouts/application.html.erb:55:in `_app_views_layouts_application_html_erb__1030884664973776985_70363749352800'
Started POST "/__web_console/repl_sessions/84f4e0ab01b9a375a058d58fe428e58b/trace" for 127.0.0.1 at 2017-05-14 11:59:00 +0800
Started GET "/pages/home" for 127.0.0.1 at 2017-05-14 12:00:33 +0800
Processing by PagesController#home as HTML
  Rendering pages/home.html.erb within layouts/application
  Rendered pages/home.html.erb within layouts/application (0.7ms)
Completed 500 Internal Server Error in 398ms (ActiveRecord: 0.0ms)


  
ActionView::Template::Error (undefined local variable or method `yeild' for #<#<Class:0x007ffdb10e97f8>:0x007ffdb2bb37a0>):
    52:     <p class="alert"><%= alert %></p>
    53: 
    54:     <div class="container">
    55:       <%= yeild %>
    56:     </div>
    57: 
    58:   </body>
  
app/views/layouts/application.html.erb:55:in `_app_views_layouts_application_html_erb__1030884664973776985_70363801158840'
Started GET "/pages/home" for 127.0.0.1 at 2017-05-14 12:02:16 +0800
Processing by PagesController#home as HTML
  Rendering pages/home.html.erb within layouts/application
  Rendered pages/home.html.erb within layouts/application (0.4ms)
Completed 500 Internal Server Error in 280ms (ActiveRecord: 0.0ms)


  
ActionView::Template::Error (undefined local variable or method `yeild' for #<#<Class:0x007ffdb10e97f8>:0x007ffdb3a920a0>):
    52:     <p class="alert"><%= alert %></p>
    53: 
    54:     <div class="container">
    55:       <%= yeild %>
    56:     </div>
    57: 
    58:   </body>
  
app/views/layouts/application.html.erb:55:in `_app_views_layouts_application_html_erb__1030884664973776985_70363749387020'
Started GET "/pages/home" for 127.0.0.1 at 2017-05-14 12:02:56 +0800
Processing by PagesController#home as HTML
  Rendering pages/home.html.erb within layouts/application
  Rendered pages/home.html.erb within layouts/application (0.3ms)
Completed 200 OK in 41ms (Views: 39.3ms | ActiveRecord: 0.0ms)


Started GET "/pages/home" for 127.0.0.1 at 2017-05-14 12:06:04 +0800
Processing by PagesController#home as HTML
  Rendering pages/home.html.erb within layouts/application
  Rendered pages/home.html.erb within layouts/application (0.4ms)
  Rendered shared/_navbar.html.erb (0.3ms) [cache miss]
Completed 200 OK in 40ms (Views: 37.9ms | ActiveRecord: 0.0ms)


Started GET "/pages/home" for 127.0.0.1 at 2017-05-14 19:59:19 +0800
  [1m[35m (14.9ms)[0m  [1m[34mSELECT "schema_migrations"."version" FROM "schema_migrations" ORDER BY "schema_migrations"."version" ASC[0m
Processing by PagesController#home as HTML
  Rendering pages/home.html.erb within layouts/application
  Rendered pages/home.html.erb within layouts/application (1.2ms)
  Rendered shared/_navbar.html.erb (0.7ms) [cache miss]
Completed 200 OK in 1313ms (Views: 1278.2ms | ActiveRecord: 0.0ms)


Started GET "/" for 127.0.0.1 at 2017-05-15 12:21:02 +0800
  [1m[35m (0.4ms)[0m  [1m[34mSELECT "schema_migrations"."version" FROM "schema_migrations" ORDER BY "schema_migrations"."version" ASC[0m
Processing by Rails::WelcomeController#index as HTML
  Rendering /Users/jess/.rbenv/versions/2.3.1/lib/ruby/gems/2.3.0/gems/railties-5.1.1/lib/rails/templates/rails/welcome/index.html.erb
  Rendered /Users/jess/.rbenv/versions/2.3.1/lib/ruby/gems/2.3.0/gems/railties-5.1.1/lib/rails/templates/rails/welcome/index.html.erb (5.2ms)
Completed 200 OK in 105ms (Views: 62.9ms | ActiveRecord: 0.0ms)


Started GET "/pages/home" for 127.0.0.1 at 2017-05-15 12:21:08 +0800
Processing by PagesController#home as HTML
  Rendering pages/home.html.erb within layouts/application
  Rendered pages/home.html.erb within layouts/application (0.9ms)
Started GET "/pages/home" for 127.0.0.1 at 2017-05-15 12:21:08 +0800
Processing by PagesController#home as HTML
  Rendering pages/home.html.erb within layouts/application
  Rendered pages/home.html.erb within layouts/application (0.4ms)
  Rendered shared/_navbar.html.erb (2.3ms)
  Rendered shared/_navbar.html.erb (5.5ms)
Completed 500 Internal Server Error in 1644ms (ActiveRecord: 0.0ms)


Completed 500 Internal Server Error in 1022ms (ActiveRecord: 0.0ms)


  
  
SyntaxError (/Users/jess/Desktop/Next Academy/NEW AIRBNB/Rooming/app/views/shared/_navbar.html.erb:42: syntax error, unexpected keyword_ensure, expecting keyword_end
/Users/jess/Desktop/Next Academy/NEW AIRBNB/Rooming/app/views/shared/_navbar.html.erb:44: syntax error, unexpected end-of-input, expecting keyword_end):
SyntaxError (/Users/jess/Desktop/Next Academy/NEW AIRBNB/Rooming/app/views/shared/_navbar.html.erb:42: syntax error, unexpected keyword_ensure, expecting keyword_end
/Users/jess/Desktop/Next Academy/NEW AIRBNB/Rooming/app/views/shared/_navbar.html.erb:44: syntax error, unexpected end-of-input, expecting keyword_end):
  
  
app/views/shared/_navbar.html.erb:42: syntax error, unexpected keyword_ensure, expecting keyword_end
app/views/shared/_navbar.html.erb:44: syntax error, unexpected end-of-input, expecting keyword_end
app/views/layouts/application.html.erb:12:in `_app_views_layouts_application_html_erb__3864682644141436017_70274042101640'
app/views/shared/_navbar.html.erb:42: syntax error, unexpected keyword_ensure, expecting keyword_end
app/views/shared/_navbar.html.erb:44: syntax error, unexpected end-of-input, expecting keyword_end
app/views/layouts/application.html.erb:12:in `_app_views_layouts_application_html_erb__3864682644141436017_70274041371160'
Started GET "/" for 127.0.0.1 at 2017-05-15 14:13:40 +0800
Started GET "/" for 127.0.0.1 at 2017-05-15 14:13:40 +0800
  [1m[35m (10.4ms)[0m  [1m[34mSELECT "schema_migrations"."version" FROM "schema_migrations" ORDER BY "schema_migrations"."version" ASC[0m
  [1m[35m (0.2ms)[0m  [1m[34mSELECT "schema_migrations"."version" FROM "schema_migrations" ORDER BY "schema_migrations"."version" ASC[0m
Started GET "/pages/home" for 127.0.0.1 at 2017-05-15 14:19:38 +0800
  [1m[35m (0.1ms)[0m  [1m[34mSELECT "schema_migrations"."version" FROM "schema_migrations" ORDER BY "schema_migrations"."version" ASC[0m
Processing by PagesController#home as HTML
  Rendering pages/home.html.erb within layouts/application
  Rendered pages/home.html.erb within layouts/application (1.5ms)
  Rendered shared/_navbar.html.erb (8.5ms) [cache miss]
Completed 200 OK in 1118ms (Views: 1083.1ms | ActiveRecord: 0.0ms)


